<?xml version="1.0" encoding="UTF-8"?>
<testsuite name="TwoFerSpec" tests="4" skipped="0" failures="0" errors="0" timestamp="2021-02-23T20:12:06" hostname="Tillmanns-Air" time="0.517">
  <properties/>
  <testcase name="No name given" classname="TwoFerSpec" time="0.441"/>
  <testcase name="Empty name given" classname="TwoFerSpec" time="0.002"/>
  <testcase name="A name given" classname="TwoFerSpec" time="0.001"/>
  <testcase name="Another name given" classname="TwoFerSpec" time="0.002"/>
  <system-out><![CDATA[]]></system-out>
  <system-err><![CDATA[]]></system-err>
</testsuite>
