<?xml version="1.0" encoding="UTF-8"?>
<testsuite name="HelloWorldSpec" tests="1" skipped="0" failures="0" errors="0" timestamp="2021-02-23T16:35:52" hostname="Tillmanns-Air" time="0.481">
  <properties/>
  <testcase name="Say Hi!" classname="HelloWorldSpec" time="0.481"/>
  <system-out><![CDATA[]]></system-out>
  <system-err><![CDATA[]]></system-err>
</testsuite>
